21-Oct-2024 09:49:44.474 INFO [main] org.apache.catalina.startup.VersionLoggerListener.log Server version name:   Apache Tomcat/11.0.0-M26
21-Oct-2024 09:49:44.479 INFO [main] org.apache.catalina.startup.VersionLoggerListener.log Server built:          Sep 13 2024 16:51:17 UTC
21-Oct-2024 09:49:44.479 INFO [main] org.apache.catalina.startup.VersionLoggerListener.log Server version number: 11.0.0.0
21-Oct-2024 09:49:44.479 INFO [main] org.apache.catalina.startup.VersionLoggerListener.log OS Name:               Windows 11
21-Oct-2024 09:49:44.479 INFO [main] org.apache.catalina.startup.VersionLoggerListener.log OS Version:            10.0
21-Oct-2024 09:49:44.479 INFO [main] org.apache.catalina.startup.VersionLoggerListener.log Architecture:          amd64
21-Oct-2024 09:49:44.479 INFO [main] org.apache.catalina.startup.VersionLoggerListener.log Java Home:             D:\Software\javajdkins
21-Oct-2024 09:49:44.479 INFO [main] org.apache.catalina.startup.VersionLoggerListener.log JVM Version:           23.0.1+11-39
21-Oct-2024 09:49:44.479 INFO [main] org.apache.catalina.startup.VersionLoggerListener.log JVM Vendor:            Oracle Corporation
21-Oct-2024 09:49:44.480 INFO [main] org.apache.catalina.startup.VersionLoggerListener.log CATALINA_BASE:         D:\java Code\Java Web Programming
21-Oct-2024 09:49:44.480 INFO [main] org.apache.catalina.startup.VersionLoggerListener.log CATALINA_HOME:         D:\Software\Tomcat 10.1
21-Oct-2024 09:49:44.493 INFO [main] org.apache.catalina.startup.VersionLoggerListener.log Command line argument: --add-opens=java.base/java.lang=ALL-UNNAMED
21-Oct-2024 09:49:44.493 INFO [main] org.apache.catalina.startup.VersionLoggerListener.log Command line argument: --add-opens=java.base/java.io=ALL-UNNAMED
21-Oct-2024 09:49:44.493 INFO [main] org.apache.catalina.startup.VersionLoggerListener.log Command line argument: --add-opens=java.base/java.util=ALL-UNNAMED
21-Oct-2024 09:49:44.493 INFO [main] org.apache.catalina.startup.VersionLoggerListener.log Command line argument: --add-opens=java.base/java.util.concurrent=ALL-UNNAMED
21-Oct-2024 09:49:44.493 INFO [main] org.apache.catalina.startup.VersionLoggerListener.log Command line argument: --add-opens=java.rmi/sun.rmi.transport=ALL-UNNAMED
21-Oct-2024 09:49:44.493 INFO [main] org.apache.catalina.startup.VersionLoggerListener.log Command line argument: -Dcatalina.home=D:\Software\Tomcat 10.1
21-Oct-2024 09:49:44.493 INFO [main] org.apache.catalina.startup.VersionLoggerListener.log Command line argument: -Dcatalina.base=D:\java Code\Java Web Programming
21-Oct-2024 09:49:44.493 INFO [main] org.apache.catalina.startup.VersionLoggerListener.log Command line argument: -Djava.io.tmpdir=D:\java Code\Java Web Programming\temp
21-Oct-2024 09:49:44.493 INFO [main] org.apache.catalina.startup.VersionLoggerListener.log Command line argument: -Djava.util.logging.config.file=D:\java Code\Java Web Programming\conf\logging.properties
21-Oct-2024 09:49:44.494 INFO [main] org.apache.catalina.startup.VersionLoggerListener.log Command line argument: -Djava.util.logging.manager=org.apache.juli.ClassLoaderLogManager
21-Oct-2024 09:49:44.494 INFO [main] org.apache.catalina.startup.VersionLoggerListener.log Command line argument: -javaagent:D:\Software\install IntelijIDE\IntelliJ IDEA Community Edition 2024.1.4\lib\idea_rt.jar=52446:D:\Software\install IntelijIDE\IntelliJ IDEA Community Edition 2024.1.4\bin
21-Oct-2024 09:49:44.494 INFO [main] org.apache.catalina.startup.VersionLoggerListener.log Command line argument: -Dfile.encoding=UTF-8
21-Oct-2024 09:49:44.494 INFO [main] org.apache.catalina.startup.VersionLoggerListener.log Command line argument: -Dsun.stdout.encoding=UTF-8
21-Oct-2024 09:49:44.494 INFO [main] org.apache.catalina.startup.VersionLoggerListener.log Command line argument: -Dsun.stderr.encoding=UTF-8
21-Oct-2024 09:49:44.776 INFO [main] org.apache.catalina.core.AprLifecycleListener.lifecycleEvent Loaded Apache Tomcat Native library [2.0.8] using APR version [1.7.4].
21-Oct-2024 09:49:44.803 INFO [main] org.apache.catalina.core.AprLifecycleListener.initializeSSL OpenSSL successfully initialized [OpenSSL 3.0.14 4 Jun 2024]
21-Oct-2024 09:49:45.167 INFO [main] org.apache.coyote.AbstractProtocol.init Initializing ProtocolHandler ["http-nio-8080"]
21-Oct-2024 09:49:45.187 INFO [main] org.apache.catalina.startup.Catalina.load Server initialization in [953] milliseconds
21-Oct-2024 09:49:45.249 INFO [main] org.apache.catalina.core.StandardService.startInternal Starting service [Catalina]
21-Oct-2024 09:49:45.249 INFO [main] org.apache.catalina.core.StandardEngine.startInternal Starting Servlet engine: [Apache Tomcat/11.0.0-M26]
21-Oct-2024 09:49:45.263 INFO [main] org.apache.catalina.startup.HostConfig.deployDescriptor Deploying deployment descriptor [D:\java Code\Java Web Programming\conf\Catalina\localhost\chapter02.xml]
21-Oct-2024 09:49:45.608 INFO [main] org.apache.catalina.startup.HostConfig.deployDescriptor Deployment of deployment descriptor [D:\java Code\Java Web Programming\conf\Catalina\localhost\chapter02.xml] has finished in [344] ms
21-Oct-2024 09:49:45.619 INFO [main] org.apache.coyote.AbstractProtocol.start Starting ProtocolHandler ["http-nio-8080"]
21-Oct-2024 09:49:45.642 INFO [main] org.apache.catalina.startup.Catalina.start Server startup in [452] milliseconds
21-Oct-2024 10:03:41.618 INFO [Thread-1] org.apache.coyote.AbstractProtocol.pause Pausing ProtocolHandler ["http-nio-8080"]
21-Oct-2024 10:03:41.626 INFO [Thread-1] org.apache.catalina.core.StandardService.stopInternal Stopping service [Catalina]
21-Oct-2024 10:03:41.652 INFO [Thread-1] org.apache.coyote.AbstractProtocol.stop Stopping ProtocolHandler ["http-nio-8080"]
21-Oct-2024 10:03:41.662 INFO [Thread-1] org.apache.coyote.AbstractProtocol.destroy Destroying ProtocolHandler ["http-nio-8080"]
